{"C:\\Users\\pc\\Desktop\\fleet-tracker\\fleet-tracker-backend\\src\\models\\Camion.js": {"path":"C:\\Users\\pc\\Desktop\\fleet-tracker\\fleet-tracker-backend\\src\\models\\Camion.js","statementMap":{"0":{"start":{"line":3,"column":21},"end":{"line":40,"column":1}}},"fnMap":{},"branchMap":{},"s":{"0":1},"f":{},"b":{},"_coverageSchema":"1a1c01bbd47fc00a2c39e90264f33305004495a9","hash":"6390281c0d440e3402fd120a422504721e2e73ec"}
,"C:\\Users\\pc\\Desktop\\fleet-tracker\\fleet-tracker-backend\\src\\models\\User.js": {"path":"C:\\Users\\pc\\Desktop\\fleet-tracker\\fleet-tracker-backend\\src\\models\\User.js","statementMap":{"0":{"start":{"line":4,"column":19},"end":{"line":28,"column":24}}},"fnMap":{},"branchMap":{},"s":{"0":1},"f":{},"b":{},"_coverageSchema":"1a1c01bbd47fc00a2c39e90264f33305004495a9","hash":"c4f2357f5a5079fe04f75d49ea70a202beb9a220"}
,"C:\\Users\\pc\\Desktop\\fleet-tracker\\fleet-tracker-backend\\src\\service\\AuthService.js": {"path":"C:\\Users\\pc\\Desktop\\fleet-tracker\\fleet-tracker-backend\\src\\service\\AuthService.js","statementMap":{"0":{"start":{"line":8,"column":36},"end":{"line":8,"column":40}},"1":{"start":{"line":10,"column":21},"end":{"line":10,"column":48}},"2":{"start":{"line":12,"column":8},"end":{"line":14,"column":9}},"3":{"start":{"line":13,"column":12},"end":{"line":13,"column":46}},"4":{"start":{"line":18,"column":32},"end":{"line":18,"column":78}},"5":{"start":{"line":20,"column":8},"end":{"line":22,"column":9}},"6":{"start":{"line":21,"column":12},"end":{"line":21,"column":48}},"7":{"start":{"line":23,"column":21},"end":{"line":27,"column":10}},"8":{"start":{"line":29,"column":8},"end":{"line":34,"column":10}}},"fnMap":{"0":{"name":"(anonymous_0)","decl":{"start":{"line":7,"column":4},"end":{"line":7,"column":5}},"loc":{"start":{"line":7,"column":22},"end":{"line":35,"column":5}},"line":7}},"branchMap":{"0":{"loc":{"start":{"line":12,"column":8},"end":{"line":14,"column":9}},"type":"if","locations":[{"start":{"line":12,"column":8},"end":{"line":14,"column":9}},{"start":{},"end":{}}],"line":12},"1":{"loc":{"start":{"line":20,"column":8},"end":{"line":22,"column":9}},"type":"if","locations":[{"start":{"line":20,"column":8},"end":{"line":22,"column":9}},{"start":{},"end":{}}],"line":20}},"s":{"0":3,"1":3,"2":3,"3":1,"4":2,"5":2,"6":1,"7":1,"8":1},"f":{"0":3},"b":{"0":[1,2],"1":[1,1]},"_coverageSchema":"1a1c01bbd47fc00a2c39e90264f33305004495a9","hash":"3a97429a1e1ef573e9631e162a6dfdeaf54e4416"}
,"C:\\Users\\pc\\Desktop\\fleet-tracker\\fleet-tracker-backend\\src\\service\\camionService.js": {"path":"C:\\Users\\pc\\Desktop\\fleet-tracker\\fleet-tracker-backend\\src\\service\\camionService.js","statementMap":{"0":{"start":{"line":6,"column":23},"end":{"line":6,"column":39}},"1":{"start":{"line":7,"column":8},"end":{"line":7,"column":35}},"2":{"start":{"line":12,"column":4},"end":{"line":12,"column":26}},"3":{"start":{"line":13,"column":4},"end":{"line":13,"column":28}},"4":{"start":{"line":15,"column":17},"end":{"line":15,"column":35}},"5":{"start":{"line":17,"column":18},"end":{"line":17,"column":66}},"6":{"start":{"line":20,"column":20},"end":{"line":22,"column":21}},"7":{"start":{"line":24,"column":4},"end":{"line":34,"column":6}},"8":{"start":{"line":39,"column":8},"end":{"line":39,"column":66}},"9":{"start":{"line":43,"column":8},"end":{"line":47,"column":10}},"10":{"start":{"line":51,"column":8},"end":{"line":55,"column":10}}},"fnMap":{"0":{"name":"(anonymous_0)","decl":{"start":{"line":5,"column":4},"end":{"line":5,"column":5}},"loc":{"start":{"line":5,"column":29},"end":{"line":8,"column":5}},"line":5},"1":{"name":"(anonymous_1)","decl":{"start":{"line":10,"column":4},"end":{"line":10,"column":5}},"loc":{"start":{"line":10,"column":46},"end":{"line":35,"column":1}},"line":10},"2":{"name":"(anonymous_2)","decl":{"start":{"line":38,"column":4},"end":{"line":38,"column":5}},"loc":{"start":{"line":38,"column":24},"end":{"line":40,"column":5}},"line":38},"3":{"name":"(anonymous_3)","decl":{"start":{"line":42,"column":4},"end":{"line":42,"column":5}},"loc":{"start":{"line":42,"column":33},"end":{"line":48,"column":5}},"line":42},"4":{"name":"(anonymous_4)","decl":{"start":{"line":50,"column":4},"end":{"line":50,"column":5}},"loc":{"start":{"line":50,"column":27},"end":{"line":56,"column":5}},"line":50}},"branchMap":{"0":{"loc":{"start":{"line":10,"column":24},"end":{"line":10,"column":32}},"type":"default-arg","locations":[{"start":{"line":10,"column":31},"end":{"line":10,"column":32}}],"line":10},"1":{"loc":{"start":{"line":10,"column":34},"end":{"line":10,"column":44}},"type":"default-arg","locations":[{"start":{"line":10,"column":42},"end":{"line":10,"column":44}}],"line":10}},"s":{"0":1,"1":1,"2":2,"3":2,"4":2,"5":2,"6":2,"7":2,"8":2,"9":1,"10":1},"f":{"0":1,"1":2,"2":2,"3":1,"4":1},"b":{"0":[0],"1":[0]},"_coverageSchema":"1a1c01bbd47fc00a2c39e90264f33305004495a9","hash":"d1481dd0056d1eb0dc3d128174e05ed4b10ad047"}
,"C:\\Users\\pc\\Desktop\\fleet-tracker\\fleet-tracker-backend\\src\\utils\\hash.js": {"path":"C:\\Users\\pc\\Desktop\\fleet-tracker\\fleet-tracker-backend\\src\\utils\\hash.js","statementMap":{"0":{"start":{"line":3,"column":28},"end":{"line":5,"column":1}},"1":{"start":{"line":4,"column":2},"end":{"line":4,"column":41}},"2":{"start":{"line":6,"column":31},"end":{"line":8,"column":1}},"3":{"start":{"line":7,"column":2},"end":{"line":7,"column":46}}},"fnMap":{"0":{"name":"(anonymous_0)","decl":{"start":{"line":3,"column":28},"end":{"line":3,"column":29}},"loc":{"start":{"line":3,"column":48},"end":{"line":5,"column":1}},"line":3},"1":{"name":"(anonymous_1)","decl":{"start":{"line":6,"column":31},"end":{"line":6,"column":32}},"loc":{"start":{"line":6,"column":57},"end":{"line":8,"column":1}},"line":6}},"branchMap":{},"s":{"0":1,"1":0,"2":1,"3":0},"f":{"0":0,"1":0},"b":{},"_coverageSchema":"1a1c01bbd47fc00a2c39e90264f33305004495a9","hash":"08d6be49a8ab6deadfab5603bbd8bb00a06b38f9"}
,"C:\\Users\\pc\\Desktop\\fleet-tracker\\fleet-tracker-backend\\src\\utils\\jwt.js": {"path":"C:\\Users\\pc\\Desktop\\fleet-tracker\\fleet-tracker-backend\\src\\utils\\jwt.js","statementMap":{"0":{"start":{"line":3,"column":29},"end":{"line":5,"column":1}},"1":{"start":{"line":4,"column":4},"end":{"line":4,"column":74}},"2":{"start":{"line":7,"column":27},"end":{"line":13,"column":1}},"3":{"start":{"line":8,"column":4},"end":{"line":12,"column":5}},"4":{"start":{"line":9,"column":8},"end":{"line":9,"column":57}},"5":{"start":{"line":11,"column":8},"end":{"line":11,"column":20}}},"fnMap":{"0":{"name":"(anonymous_0)","decl":{"start":{"line":3,"column":29},"end":{"line":3,"column":30}},"loc":{"start":{"line":3,"column":42},"end":{"line":5,"column":1}},"line":3},"1":{"name":"(anonymous_1)","decl":{"start":{"line":7,"column":27},"end":{"line":7,"column":28}},"loc":{"start":{"line":7,"column":38},"end":{"line":13,"column":1}},"line":7}},"branchMap":{},"s":{"0":1,"1":0,"2":1,"3":0,"4":0,"5":0},"f":{"0":0,"1":0},"b":{},"_coverageSchema":"1a1c01bbd47fc00a2c39e90264f33305004495a9","hash":"a9d1640090513d049946837282fbfb894400e307"}
}
