TN:
SF:src\models\Camion.js
FNF:0
FNH:0
DA:3,1
LF:1
LH:1
BRF:0
BRH:0
end_of_record
TN:
SF:src\models\User.js
FNF:0
FNH:0
DA:4,1
LF:1
LH:1
BRF:0
BRH:0
end_of_record
TN:
SF:src\service\AuthService.js
FN:7,(anonymous_0)
FNF:1
FNH:1
FNDA:3,(anonymous_0)
DA:8,3
DA:10,3
DA:12,3
DA:13,1
DA:18,2
DA:20,2
DA:21,1
DA:23,1
DA:29,1
LF:9
LH:9
BRDA:12,0,0,1
BRDA:12,0,1,2
BRDA:20,1,0,1
BRDA:20,1,1,1
BRF:4
BRH:4
end_of_record
TN:
SF:src\service\camionService.js
FN:5,(anonymous_0)
FN:10,(anonymous_1)
FN:38,(anonymous_2)
FN:42,(anonymous_3)
FN:50,(anonymous_4)
FNF:5
FNH:5
FNDA:1,(anonymous_0)
FNDA:2,(anonymous_1)
FNDA:2,(anonymous_2)
FNDA:1,(anonymous_3)
FNDA:1,(anonymous_4)
DA:6,1
DA:7,1
DA:12,2
DA:13,2
DA:15,2
DA:17,2
DA:20,2
DA:24,2
DA:39,2
DA:43,1
DA:51,1
LF:11
LH:11
BRDA:10,0,0,0
BRDA:10,1,0,0
BRF:2
BRH:0
end_of_record
TN:
SF:src\utils\hash.js
FN:3,(anonymous_0)
FN:6,(anonymous_1)
FNF:2
FNH:0
FNDA:0,(anonymous_0)
FNDA:0,(anonymous_1)
DA:3,1
DA:4,0
DA:6,1
DA:7,0
LF:4
LH:2
BRF:0
BRH:0
end_of_record
TN:
SF:src\utils\jwt.js
FN:3,(anonymous_0)
FN:7,(anonymous_1)
FNF:2
FNH:0
FNDA:0,(anonymous_0)
FNDA:0,(anonymous_1)
DA:3,1
DA:4,0
DA:7,1
DA:8,0
DA:9,0
DA:11,0
LF:6
LH:2
BRF:0
BRH:0
end_of_record
